<?xml version="1.0" encoding="UTF-8"?>
<testsuite xmlns:xsi="http://www.w3.org/2001/XMLSchema-instance" xsi:noNamespaceSchemaLocation="https://maven.apache.org/surefire/maven-surefire-plugin/xsd/surefire-test-report-3.0.xsd" version="3.0" name="TestSuite" time="193.923" tests="4" errors="0" skipped="0" failures="1">
  <properties>
[...]
</properties>
  <testcase name="verifyLogin" classname="com.seg.titles.base.LoginTest" time="4.33">
    <system-out><![CDATA[🔹 Starting shared WebDriver for all tests...
🔐 Performing one-time login before suite...
🔹 Starting auto login with stored credentials...
✅ Entered username successfully
✅ Clicked on Next button
✅ Entered password successfully
✅ Clicked Sign In button
✅ Clicked 'Yes' on Stay signed in prompt
⏳ Waiting for MFA approval or redirect...
✅ Login successful — reached Titles Dev homepage!
✅ Logged in successfully — session ready for all tests.
🔹 Starting Login Verification Test...
✅ Already logged in — homepage visible.
📄 Page Title: ABR-Title
🌐 URL: https://titles-dev.abramsbooks.com/
]]></system-out>
    <system-err><![CDATA[SLF4J: Failed to load class "org.slf4j.impl.StaticLoggerBinder".
SLF4J: Defaulting to no-operation (NOP) logger implementation
SLF4J: See http://www.slf4j.org/codes.html#StaticLoggerBinder for further details.
Nov 11, 2025 9:43:22 PM org.openqa.selenium.devtools.CdpVersionFinder findNearestMatch
WARNING: Unable to find CDP implementation matching 142
Nov 11, 2025 9:43:22 PM org.openqa.selenium.chromium.ChromiumDriver lambda$new$5
WARNING: Unable to find version of CDP to use for 142.0.7444.134. You may need to include a dependency on a specific version of the CDP using something similar to `org.seleniumhq.selenium:selenium-devtools-v86:4.21.0` where the version ("v86") matches the version of the chromium-based browser you're using and the version number of the artifact is the same as Selenium's.
]]></system-err>
  </testcase>
  <testcase name="scrollPage" classname="com.seg.titles.base.ScrollPageTest" time="50.195">
    <system-out><![CDATA[🔹 Starting ScrollPageTest...
✅ Table found! Starting deep scroll...
📈 Loaded more records: now 40 total rows.
📈 Loaded more records: now 60 total rows.
📈 Loaded more records: now 80 total rows.
📈 Loaded more records: now 120 total rows.
📈 Loaded more records: now 140 total rows.
📈 Loaded more records: now 160 total rows.
📈 Loaded more records: now 180 total rows.
📈 Loaded more records: now 200 total rows.
📈 Loaded more records: now 220 total rows.
📈 Loaded more records: now 240 total rows.
📈 Loaded more records: now 251 total rows.
📈 Loaded more records: now 251 total rows.
⏳ No new records detected (1/3).
📈 Loaded more records: now 251 total rows.
⏳ No new records detected (2/3).
📈 Loaded more records: now 251 total rows.
⏳ No new records detected (3/3).
✅ Reached last record — total 251 rows loaded.
↔️ Scrolling horizontally to view all columns...
⬅️ Scrolling back left...
🔁 Now scrolling back up slowly...
✅ Scrolled all the way up. Test complete.
]]></system-out>
  </testcase>
  <testcase name="testISBNSorting" classname="com.seg.titles.base.SortTableTest" time="3.253">
    <system-out><![CDATA[Verifying ascending order for ISBN
Sorting verification failed.
Expected: [9788874390687, 9788874391653, 9788874393909, 9788874394340, 9788874394432, 9788874394845, 9788874395095, 9788874395156, 9788874395385, 9788874395873, 9788874396252, 9788874396580, 9788874396863, 9788874397068, 9788874398089]
Actual: [9788874396252, 9788874395873, 9788874395156, 9788874397068, 9788874395095, 9788874393909, 9788874391653, 9788874394432, 9788874396863, 9788874394845, 9788874390687, 9788874396580, 9788874398089, 9788874395385, 9788874394340]
Verifying descending order for ISBN
Sorting verification failed.
Expected: [9788874398089, 9788874397068, 9788874396863, 9788874396580, 9788874396252, 9788874395873, 9788874395385, 9788874395156, 9788874395095, 9788874394845, 9788874394432, 9788874394340, 9788874393909, 9788874391653, 9788874390687]
Actual: [9788874396252, 9788874395873, 9788874395156, 9788874397068, 9788874395095, 9788874393909, 9788874391653, 9788874394432, 9788874396863, 9788874394845, 9788874390687, 9788874396580, 9788874398089, 9788874395385, 9788874394340]
✅ Completed sorting test for ISBN
]]></system-out>
  </testcase>
  <testcase name="testReactSelectFiltersSequentially" classname="com.seg.titles.base.FilterTableTest" time="109.038">
    <failure message="Expected condition failed: waiting for visibility of element located by By.xpath: //div[contains(@id,&apos;react-select&apos;) and contains(@id,&apos;-listbox&apos;)] | //div[contains(@class,&apos;custom-select__menu&apos;)] (tried for 40 second(s) with 500 milliseconds interval)&#10;Build info: version: &apos;4.21.0&apos;, revision: &apos;79ed462ef4&apos;&#10;System info: os.name: &apos;Linux&apos;, os.arch: &apos;amd64&apos;, os.version: &apos;6.8.0-87-generic&apos;, java.version: &apos;17.0.16&apos;&#10;Driver info: org.openqa.selenium.chrome.ChromeDriver&#10;Capabilities {acceptInsecureCerts: false, browserName: chrome, browserVersion: 142.0.7444.134, chrome: {chromedriverVersion: 142.0.7444.61 (9884f628acbc..., userDataDir: /tmp/.org.chromium.Chromium...}, fedcm:accounts: true, goog:chromeOptions: {debuggerAddress: localhost:41021}, goog:processID: 255772, networkConnectionEnabled: false, pageLoadStrategy: normal, platformName: linux, proxy: Proxy(), se:cdp: ws://localhost:41021/devtoo..., se:cdpVersion: 142.0.7444.134, setWindowRect: true, strictFileInteractability: false, timeouts: {implicit: 0, pageLoad: 300000, script: 30000}, unhandledPromptBehavior: dismiss and notify, webauthn:extension:credBlob: true, webauthn:extension:largeBlob: true, webauthn:extension:minPinLength: true, webauthn:extension:prf: true, webauthn:virtualAuthenticators: true}&#10;Session ID: f8910eadbf0ec5676f11861cf7b1ad13" type="org.openqa.selenium.TimeoutException"><![CDATA[org.openqa.selenium.TimeoutException: 
Expected condition failed: waiting for visibility of element located by By.xpath: //div[contains(@id,'react-select') and contains(@id,'-listbox')] | //div[contains(@class,'custom-select__menu')] (tried for 40 second(s) with 500 milliseconds interval)
Build info: version: '4.21.0', revision: '79ed462ef4'
System info: os.name: 'Linux', os.arch: 'amd64', os.version: '6.8.0-87-generic', java.version: '17.0.16'
Driver info: org.openqa.selenium.chrome.ChromeDriver
Capabilities {acceptInsecureCerts: false, browserName: chrome, browserVersion: 142.0.7444.134, chrome: {chromedriverVersion: 142.0.7444.61 (9884f628acbc..., userDataDir: /tmp/.org.chromium.Chromium...}, fedcm:accounts: true, goog:chromeOptions: {debuggerAddress: localhost:41021}, goog:processID: 255772, networkConnectionEnabled: false, pageLoadStrategy: normal, platformName: linux, proxy: Proxy(), se:cdp: ws://localhost:41021/devtoo..., se:cdpVersion: 142.0.7444.134, setWindowRect: true, strictFileInteractability: false, timeouts: {implicit: 0, pageLoad: 300000, script: 30000}, unhandledPromptBehavior: dismiss and notify, webauthn:extension:credBlob: true, webauthn:extension:largeBlob: true, webauthn:extension:minPinLength: true, webauthn:extension:prf: true, webauthn:virtualAuthenticators: true}
Session ID: f8910eadbf0ec5676f11861cf7b1ad13
	at com.seg.titles.base.FilterTableTest.applyAndVerifyFilters(FilterTableTest.java:141)
	at com.seg.titles.base.FilterTableTest.testReactSelectFiltersSequentially(FilterTableTest.java:64)
]]></failure>
    <system-out><![CDATA[🔹 Starting filter + export test on Titles page...
📦 Exporting all available records (no filters)...
✅ Clicked Export button successfully.

🔸 Filtering on column: TITLE
✅ Applied single random filter(s) for TITLE: [Alfred Baur, Pioneer and Collector (Hardcover with jacket)]
✅ Verified results for TITLE — Sample: [Yves Klein: Incandescence, Yoruba: Visions of Africa Series, Yaka: Visions of Africa Series]
📤 Exporting filtered data for TITLE...
✅ Clicked Export button successfully.
🧹 Cleared filters.
]]></system-out>
  </testcase>
</testsuite>