<?xml version="1.0" encoding="UTF-8"?>
<testng-results ignored="0" total="4" passed="3" failed="1" skipped="0">
  <reporter-output>
  </reporter-output>
  <suite started-at="2025-11-11T21:43:46 IST" name="SEG Titles Automation Suite" finished-at="2025-11-11T21:46:33 IST" duration-ms="166876">
    <groups>
    </groups>
    <test started-at="2025-11-11T21:43:46 IST" name="Full Flow" finished-at="2025-11-11T21:46:33 IST" duration-ms="166876">
      <class name="com.seg.titles.base.LoginTest">
        <test-method is-config="true" signature="beforeSuite()[pri:0, instance:com.seg.titles.base.LoginTest@7b227d8d]" started-at="2025-11-11T21:43:20 IST" name="beforeSuite" finished-at="2025-11-11T21:43:46 IST" duration-ms="26073" status="PASS">
          <reporter-output>
          </reporter-output>
        </test-method> <!-- beforeSuite -->
        <test-method signature="verifyLogin()[pri:1, instance:com.seg.titles.base.LoginTest@7b227d8d]" started-at="2025-11-11T21:43:46 IST" name="verifyLogin" finished-at="2025-11-11T21:43:50 IST" duration-ms="4316" status="PASS">
          <reporter-output>
          </reporter-output>
        </test-method> <!-- verifyLogin -->
        <test-method is-config="true" signature="afterSuite()[pri:0, instance:com.seg.titles.base.LoginTest@7b227d8d]" started-at="2025-11-11T21:46:33 IST" name="afterSuite" finished-at="2025-11-11T21:46:33 IST" duration-ms="228" status="PASS">
          <reporter-output>
          </reporter-output>
        </test-method> <!-- afterSuite -->
      </class> <!-- com.seg.titles.base.LoginTest -->
      <class name="com.seg.titles.base.ScrollPageTest">
        <test-method signature="scrollPage()[pri:3, instance:com.seg.titles.base.ScrollPageTest@29176cc1]" started-at="2025-11-11T21:43:50 IST" name="scrollPage" finished-at="2025-11-11T21:44:40 IST" duration-ms="50196" status="PASS">
          <reporter-output>
          </reporter-output>
        </test-method> <!-- scrollPage -->
      </class> <!-- com.seg.titles.base.ScrollPageTest -->
      <class name="com.seg.titles.base.FilterTableTest">
        <test-method signature="testReactSelectFiltersSequentially()[pri:0, instance:com.seg.titles.base.FilterTableTest@4278a03f]" started-at="2025-11-11T21:44:44 IST" name="testReactSelectFiltersSequentially" finished-at="2025-11-11T21:46:33 IST" duration-ms="109034" status="FAIL">
          <exception class="org.openqa.selenium.TimeoutException">
            <message>
              <![CDATA[Expected condition failed: waiting for visibility of element located by By.xpath: //div[contains(@id,'react-select') and contains(@id,'-listbox')] | //div[contains(@class,'custom-select__menu')] (tried for 40 second(s) with 500 milliseconds interval)
Build info: version: '4.21.0', revision: '79ed462ef4'
System info: os.name: 'Linux', os.arch: 'amd64', os.version: '6.8.0-87-generic', java.version: '17.0.16'
Driver info: org.openqa.selenium.chrome.ChromeDriver
Capabilities {acceptInsecureCerts: false, browserName: chrome, browserVersion: 142.0.7444.134, chrome: {chromedriverVersion: 142.0.7444.61 (9884f628acbc..., userDataDir: /tmp/.org.chromium.Chromium...}, fedcm:accounts: true, goog:chromeOptions: {debuggerAddress: localhost:41021}, goog:processID: 255772, networkConnectionEnabled: false, pageLoadStrategy: normal, platformName: linux, proxy: Proxy(), se:cdp: ws://localhost:41021/devtoo..., se:cdpVersion: 142.0.7444.134, setWindowRect: true, strictFileInteractability: false, timeouts: {implicit: 0, pageLoad: 300000, script: 30000}, unhandledPromptBehavior: dismiss and notify, webauthn:extension:credBlob: true, webauthn:extension:largeBlob: true, webauthn:extension:minPinLength: true, webauthn:extension:prf: true, webauthn:virtualAuthenticators: true}
Session ID: f8910eadbf0ec5676f11861cf7b1ad13]]>
            </message>
            <full-stacktrace>
              <![CDATA[org.openqa.selenium.TimeoutException: Expected condition failed: waiting for visibility of element located by By.xpath: //div[contains(@id,'react-select') and contains(@id,'-listbox')] | //div[contains(@class,'custom-select__menu')] (tried for 40 second(s) with 500 milliseconds interval)
Build info: version: '4.21.0', revision: '79ed462ef4'
System info: os.name: 'Linux', os.arch: 'amd64', os.version: '6.8.0-87-generic', java.version: '17.0.16'
Driver info: org.openqa.selenium.chrome.ChromeDriver
Capabilities {acceptInsecureCerts: false, browserName: chrome, browserVersion: 142.0.7444.134, chrome: {chromedriverVersion: 142.0.7444.61 (9884f628acbc..., userDataDir: /tmp/.org.chromium.Chromium...}, fedcm:accounts: true, goog:chromeOptions: {debuggerAddress: localhost:41021}, goog:processID: 255772, networkConnectionEnabled: false, pageLoadStrategy: normal, platformName: linux, proxy: Proxy(), se:cdp: ws://localhost:41021/devtoo..., se:cdpVersion: 142.0.7444.134, setWindowRect: true, strictFileInteractability: false, timeouts: {implicit: 0, pageLoad: 300000, script: 30000}, unhandledPromptBehavior: dismiss and notify, webauthn:extension:credBlob: true, webauthn:extension:largeBlob: true, webauthn:extension:minPinLength: true, webauthn:extension:prf: true, webauthn:virtualAuthenticators: true}
Session ID: f8910eadbf0ec5676f11861cf7b1ad13
at org.openqa.selenium.support.ui.WebDriverWait.timeoutException(WebDriverWait.java:84)
at org.openqa.selenium.support.ui.FluentWait.until(FluentWait.java:228)
at com.seg.titles.base.FilterTableTest.applyAndVerifyFilters(FilterTableTest.java:141)
at com.seg.titles.base.FilterTableTest.testReactSelectFiltersSequentially(FilterTableTest.java:64)
at java.base/jdk.internal.reflect.NativeMethodAccessorImpl.invoke0(Native Method)
at java.base/jdk.internal.reflect.NativeMethodAccessorImpl.invoke(NativeMethodAccessorImpl.java:77)
at java.base/jdk.internal.reflect.DelegatingMethodAccessorImpl.invoke(DelegatingMethodAccessorImpl.java:43)
at java.base/java.lang.reflect.Method.invoke(Method.java:569)
at org.testng.internal.invokers.MethodInvocationHelper.invokeMethod(MethodInvocationHelper.java:139)
at org.testng.internal.invokers.TestInvoker.invokeMethod(TestInvoker.java:664)
at org.testng.internal.invokers.TestInvoker.invokeTestMethod(TestInvoker.java:228)
at org.testng.internal.invokers.MethodRunner.runInSequence(MethodRunner.java:63)
at org.testng.internal.invokers.TestInvoker$MethodInvocationAgent.invoke(TestInvoker.java:961)
at org.testng.internal.invokers.TestInvoker.invokeTestMethods(TestInvoker.java:201)
at org.testng.internal.invokers.TestMethodWorker.invokeTestMethods(TestMethodWorker.java:148)
at org.testng.internal.invokers.TestMethodWorker.run(TestMethodWorker.java:128)
at java.base/java.util.ArrayList.forEach(ArrayList.java:1511)
at org.testng.TestRunner.privateRun(TestRunner.java:819)
at org.testng.TestRunner.run(TestRunner.java:619)
at org.testng.SuiteRunner.runTest(SuiteRunner.java:443)
at org.testng.SuiteRunner.runSequentially(SuiteRunner.java:437)
at org.testng.SuiteRunner.privateRun(SuiteRunner.java:397)
at org.testng.SuiteRunner.run(SuiteRunner.java:336)
at org.testng.SuiteRunnerWorker.runSuite(SuiteRunnerWorker.java:52)
at org.testng.SuiteRunnerWorker.run(SuiteRunnerWorker.java:95)
at org.testng.TestNG.runSuitesSequentially(TestNG.java:1301)
at org.testng.TestNG.runSuitesLocally(TestNG.java:1228)
at org.testng.TestNG.runSuites(TestNG.java:1134)
at org.testng.TestNG.run(TestNG.java:1101)
at org.apache.maven.surefire.testng.TestNGExecutor.run(TestNGExecutor.java:284)
at org.apache.maven.surefire.testng.TestNGXmlTestSuite.execute(TestNGXmlTestSuite.java:75)
at org.apache.maven.surefire.testng.TestNGProvider.invoke(TestNGProvider.java:119)
at org.apache.maven.surefire.booter.ForkedBooter.runSuitesInProcess(ForkedBooter.java:428)
at org.apache.maven.surefire.booter.ForkedBooter.execute(ForkedBooter.java:162)
at org.apache.maven.surefire.booter.ForkedBooter.run(ForkedBooter.java:562)
at org.apache.maven.surefire.booter.ForkedBooter.main(ForkedBooter.java:548)
]]>
            </full-stacktrace>
          </exception> <!-- org.openqa.selenium.TimeoutException -->
          <reporter-output>
          </reporter-output>
        </test-method> <!-- testReactSelectFiltersSequentially -->
      </class> <!-- com.seg.titles.base.FilterTableTest -->
      <class name="com.seg.titles.base.SortTableTest">
        <test-method signature="testISBNSorting()[pri:0, instance:com.seg.titles.base.SortTableTest@2f177a4b]" started-at="2025-11-11T21:44:40 IST" name="testISBNSorting" finished-at="2025-11-11T21:44:44 IST" duration-ms="3256" status="PASS">
          <reporter-output>
          </reporter-output>
        </test-method> <!-- testISBNSorting -->
      </class> <!-- com.seg.titles.base.SortTableTest -->
    </test> <!-- Full Flow -->
  </suite> <!-- SEG Titles Automation Suite -->
</testng-results>
